\BOOKMARK [1][-]{section.1}{Matrices}{}% 1
\BOOKMARK [2][-]{subsection.1.1}{Sistemas de ecuaciones lineales y matrices}{section.1}% 2
\BOOKMARK [3][-]{subsubsection.1.1.1}{Ecuaciones lineales}{subsection.1.1}% 3
\BOOKMARK [3][-]{subsubsection.1.1.2}{Sistemas lineales homog\351neos}{subsection.1.1}% 4
\BOOKMARK [3][-]{subsubsection.1.1.3}{Matrices y operaciones con matrices}{subsection.1.1}% 5
\BOOKMARK [3][-]{subsubsection.1.1.4}{Operaciones con matrices}{subsection.1.1}% 6
\BOOKMARK [3][-]{subsubsection.1.1.5}{Multiplicaci\363n de matrices por columnas y por renglones}{subsection.1.1}% 7
\BOOKMARK [3][-]{subsubsection.1.1.6}{Productos de matrices como combinaciones lineales}{subsection.1.1}% 8
\BOOKMARK [3][-]{subsubsection.1.1.7}{Transpuesta de una matriz}{subsection.1.1}% 9
\BOOKMARK [3][-]{subsubsection.1.1.8}{Traza de una matriz}{subsection.1.1}% 10
\BOOKMARK [2][-]{subsection.1.2}{Reglas de la aritm\351tica de matrices}{section.1}% 11
\BOOKMARK [3][-]{subsubsection.1.2.1}{Propiedades de las operaciones con matrices}{subsection.1.2}% 12
\BOOKMARK [3][-]{subsubsection.1.2.2}{Matrices cero}{subsection.1.2}% 13
\BOOKMARK [3][-]{subsubsection.1.2.3}{Matrices identidad}{subsection.1.2}% 14
\BOOKMARK [3][-]{subsubsection.1.2.4}{Inversa de una matriz}{subsection.1.2}% 15
\BOOKMARK [3][-]{subsubsection.1.2.5}{Propiedades de las inversas}{subsection.1.2}% 16
\BOOKMARK [3][-]{subsubsection.1.2.6}{Potencias de una matriz}{subsection.1.2}% 17
\BOOKMARK [3][-]{subsubsection.1.2.7}{Propiedades de la transpuesta}{subsection.1.2}% 18
\BOOKMARK [3][-]{subsubsection.1.2.8}{Invertibilidad de una transpuesta}{subsection.1.2}% 19
\BOOKMARK [2][-]{subsection.1.3}{Matrices elementales y un m\351todo para determinar A-1}{section.1}% 20
\BOOKMARK [3][-]{subsubsection.1.3.1}{Matrices elementales}{subsection.1.3}% 21
\BOOKMARK [3][-]{subsubsection.1.3.2}{Equivalencia por renglones}{subsection.1.3}% 22
\BOOKMARK [3][-]{subsubsection.1.3.3}{Un m\351todo para invertir matrices}{subsection.1.3}% 23
\BOOKMARK [2][-]{subsection.1.4}{Matrices diagonales, triangulares y sim\351tricas}{section.1}% 24
\BOOKMARK [3][-]{subsubsection.1.4.1}{Matrices diagonales}{subsection.1.4}% 25
\BOOKMARK [3][-]{subsubsection.1.4.2}{Matrices triangulares}{subsection.1.4}% 26
\BOOKMARK [3][-]{subsubsection.1.4.3}{Matrices sim\351tricas}{subsection.1.4}% 27
\BOOKMARK [3][-]{subsubsection.1.4.4}{Matrices de la forma AAT y ATA}{subsection.1.4}% 28
\BOOKMARK [1][-]{section.2}{Determinantes}{}% 29
